[27/Mar/2018:23:43:50 +0800] 0:0:0:0:0:0:0:1 "GET /api/account/mobileLogin/13520664664/9587 HTTP/1.1" 200 - (1953 ms)
[27/Mar/2018:23:46:24 +0800] 0:0:0:0:0:0:0:1 "GET /js/DtoCreator.js HTTP/1.1" 200 - (23 ms)
[27/Mar/2018:23:46:24 +0800] 0:0:0:0:0:0:0:1 "GET /js/bootstrap.min.js HTTP/1.1" 200 - (24 ms)
[27/Mar/2018:23:46:24 +0800] 0:0:0:0:0:0:0:1 "GET /js/jquery-3.2.1.min.js HTTP/1.1" 200 - (25 ms)
[27/Mar/2018:23:46:25 +0800] 0:0:0:0:0:0:0:1 "GET / HTTP/1.1" 200 - (429 ms)
[27/Mar/2018:23:46:25 +0800] 0:0:0:0:0:0:0:1 "GET /css/bootstrap-theme.min.css HTTP/1.1" 200 - (11 ms)
[27/Mar/2018:23:46:25 +0800] 0:0:0:0:0:0:0:1 "GET /css/bootstrap.min.css HTTP/1.1" 200 - (14 ms)
[27/Mar/2018:23:46:25 +0800] 0:0:0:0:0:0:0:1 "GET /favicon.ico HTTP/1.1" 200 - (14 ms)
[27/Mar/2018:23:46:25 +0800] 0:0:0:0:0:0:0:1 "GET /druid/login.html HTTP/1.1" 200 - (3 ms)
[27/Mar/2018:23:46:25 +0800] 0:0:0:0:0:0:0:1 "GET /druid/js/jquery.min.js HTTP/1.1" 200 - (12 ms)
[27/Mar/2018:23:46:25 +0800] 0:0:0:0:0:0:0:1 "GET /druid/css/bootstrap.min.css HTTP/1.1" 200 - (14 ms)
[27/Mar/2018:23:46:41 +0800] 0:0:0:0:0:0:0:1 "POST /druid/submitLogin HTTP/1.1" 200 C7D0669625DC50B4FA35E21116B85F43 (18 ms)
[27/Mar/2018:23:46:43 +0800] 0:0:0:0:0:0:0:1 "GET /druid/index.html HTTP/1.1" 200 C7D0669625DC50B4FA35E21116B85F43 (5 ms)
[27/Mar/2018:23:46:43 +0800] 0:0:0:0:0:0:0:1 "GET /druid/css/style.css HTTP/1.1" 200 C7D0669625DC50B4FA35E21116B85F43 (2 ms)
[27/Mar/2018:23:46:43 +0800] 0:0:0:0:0:0:0:1 "GET /druid/js/lang.js HTTP/1.1" 200 C7D0669625DC50B4FA35E21116B85F43 (5 ms)
[27/Mar/2018:23:46:43 +0800] 0:0:0:0:0:0:0:1 "GET /druid/css/bootstrap.min.css HTTP/1.1" 200 C7D0669625DC50B4FA35E21116B85F43 (10 ms)
[27/Mar/2018:23:46:43 +0800] 0:0:0:0:0:0:0:1 "GET /druid/js/jquery.min.js HTTP/1.1" 200 C7D0669625DC50B4FA35E21116B85F43 (10 ms)
[27/Mar/2018:23:46:43 +0800] 0:0:0:0:0:0:0:1 "GET /druid/js/common.js HTTP/1.1" 200 C7D0669625DC50B4FA35E21116B85F43 (10 ms)
[27/Mar/2018:23:46:43 +0800] 0:0:0:0:0:0:0:1 "GET /druid/header.html HTTP/1.1" 200 C7D0669625DC50B4FA35E21116B85F43 (2 ms)
[27/Mar/2018:23:46:43 +0800] 0:0:0:0:0:0:0:1 "POST /druid/basic.json HTTP/1.1" 200 C7D0669625DC50B4FA35E21116B85F43 (8 ms)
[27/Mar/2018:23:46:49 +0800] 0:0:0:0:0:0:0:1 "GET /druid/datasource.html HTTP/1.1" 200 C7D0669625DC50B4FA35E21116B85F43 (1 ms)
[27/Mar/2018:23:46:49 +0800] 0:0:0:0:0:0:0:1 "GET /druid/css/style.css HTTP/1.1" 200 C7D0669625DC50B4FA35E21116B85F43 (1 ms)
[27/Mar/2018:23:46:49 +0800] 0:0:0:0:0:0:0:1 "GET /druid/css/bootstrap.min.css HTTP/1.1" 200 C7D0669625DC50B4FA35E21116B85F43 (4 ms)
[27/Mar/2018:23:46:49 +0800] 0:0:0:0:0:0:0:1 "GET /druid/js/doT.js HTTP/1.1" 200 C7D0669625DC50B4FA35E21116B85F43 (3 ms)
[27/Mar/2018:23:46:49 +0800] 0:0:0:0:0:0:0:1 "GET /druid/js/bootstrap.min.js HTTP/1.1" 200 C7D0669625DC50B4FA35E21116B85F43 (4 ms)
[27/Mar/2018:23:46:49 +0800] 0:0:0:0:0:0:0:1 "GET /druid/js/jquery.min.js HTTP/1.1" 200 C7D0669625DC50B4FA35E21116B85F43 (5 ms)
[27/Mar/2018:23:46:49 +0800] 0:0:0:0:0:0:0:1 "GET /druid/js/common.js HTTP/1.1" 200 C7D0669625DC50B4FA35E21116B85F43 (4 ms)
[27/Mar/2018:23:46:49 +0800] 0:0:0:0:0:0:0:1 "GET /druid/js/lang.js HTTP/1.1" 200 C7D0669625DC50B4FA35E21116B85F43 (3 ms)
[27/Mar/2018:23:46:49 +0800] 0:0:0:0:0:0:0:1 "GET /druid/header.html HTTP/1.1" 200 C7D0669625DC50B4FA35E21116B85F43 (1 ms)
[27/Mar/2018:23:46:49 +0800] 0:0:0:0:0:0:0:1 "POST /druid/datasource.json HTTP/1.1" 200 C7D0669625DC50B4FA35E21116B85F43 (4 ms)
[27/Mar/2018:23:47:01 +0800] 0:0:0:0:0:0:0:1 "GET /druid/sql.html HTTP/1.1" 200 C7D0669625DC50B4FA35E21116B85F43 (2 ms)
[27/Mar/2018:23:47:01 +0800] 0:0:0:0:0:0:0:1 "GET /druid/css/style.css HTTP/1.1" 200 C7D0669625DC50B4FA35E21116B85F43 (1 ms)
[27/Mar/2018:23:47:01 +0800] 0:0:0:0:0:0:0:1 "GET /druid/js/bootstrap.min.js HTTP/1.1" 200 C7D0669625DC50B4FA35E21116B85F43 (1 ms)
[27/Mar/2018:23:47:01 +0800] 0:0:0:0:0:0:0:1 "GET /druid/js/common.js HTTP/1.1" 200 C7D0669625DC50B4FA35E21116B85F43 (1 ms)
[27/Mar/2018:23:47:01 +0800] 0:0:0:0:0:0:0:1 "GET /druid/js/lang.js HTTP/1.1" 200 C7D0669625DC50B4FA35E21116B85F43 (4 ms)
[27/Mar/2018:23:47:01 +0800] 0:0:0:0:0:0:0:1 "GET /druid/css/bootstrap.min.css HTTP/1.1" 200 C7D0669625DC50B4FA35E21116B85F43 (8 ms)
[27/Mar/2018:23:47:01 +0800] 0:0:0:0:0:0:0:1 "GET /druid/js/jquery.min.js HTTP/1.1" 200 C7D0669625DC50B4FA35E21116B85F43 (9 ms)
[27/Mar/2018:23:47:01 +0800] 0:0:0:0:0:0:0:1 "GET /druid/header.html HTTP/1.1" 200 C7D0669625DC50B4FA35E21116B85F43 (1 ms)
[27/Mar/2018:23:47:01 +0800] 0:0:0:0:0:0:0:1 "POST /druid/sql.json?orderBy=SQL&orderType=desc&page=1&perPageCount=1000000& HTTP/1.1" 200 C7D0669625DC50B4FA35E21116B85F43 (7 ms)
[27/Mar/2018:23:47:06 +0800] 0:0:0:0:0:0:0:1 "POST /druid/sql.json?orderBy=SQL&orderType=desc&page=1&perPageCount=1000000& HTTP/1.1" 200 C7D0669625DC50B4FA35E21116B85F43 (1 ms)
[27/Mar/2018:23:47:11 +0800] 0:0:0:0:0:0:0:1 "POST /druid/sql.json?orderBy=SQL&orderType=desc&page=1&perPageCount=1000000& HTTP/1.1" 200 C7D0669625DC50B4FA35E21116B85F43 (2 ms)
[27/Mar/2018:23:47:16 +0800] 0:0:0:0:0:0:0:1 "POST /druid/sql.json?orderBy=SQL&orderType=desc&page=1&perPageCount=1000000& HTTP/1.1" 200 C7D0669625DC50B4FA35E21116B85F43 (2 ms)
[27/Mar/2018:23:47:21 +0800] 0:0:0:0:0:0:0:1 "POST /druid/sql.json?orderBy=SQL&orderType=desc&page=1&perPageCount=1000000& HTTP/1.1" 200 C7D0669625DC50B4FA35E21116B85F43 (2 ms)
[27/Mar/2018:23:47:22 +0800] 0:0:0:0:0:0:0:1 "GET /api/account/mobileLogin/13520664664/9587 HTTP/1.1" 200 - (74 ms)
[27/Mar/2018:23:47:24 +0800] 0:0:0:0:0:0:0:1 "GET /api/account/mobileLogin/13520664664/9587 HTTP/1.1" 200 - (50 ms)
[27/Mar/2018:23:47:25 +0800] 0:0:0:0:0:0:0:1 "GET /api/account/mobileLogin/13520664664/9587 HTTP/1.1" 200 - (45 ms)
[27/Mar/2018:23:47:26 +0800] 0:0:0:0:0:0:0:1 "POST /druid/sql.json?orderBy=SQL&orderType=desc&page=1&perPageCount=1000000& HTTP/1.1" 200 C7D0669625DC50B4FA35E21116B85F43 (1 ms)
[27/Mar/2018:23:47:30 +0800] 0:0:0:0:0:0:0:1 "GET /druid/wall.html HTTP/1.1" 200 C7D0669625DC50B4FA35E21116B85F43 (1 ms)
[27/Mar/2018:23:47:30 +0800] 0:0:0:0:0:0:0:1 "GET /druid/css/style.css HTTP/1.1" 200 C7D0669625DC50B4FA35E21116B85F43 (2 ms)
[27/Mar/2018:23:47:30 +0800] 0:0:0:0:0:0:0:1 "GET /druid/js/common.js HTTP/1.1" 200 C7D0669625DC50B4FA35E21116B85F43 (2 ms)
[27/Mar/2018:23:47:30 +0800] 0:0:0:0:0:0:0:1 "GET /druid/js/bootstrap.min.js HTTP/1.1" 200 C7D0669625DC50B4FA35E21116B85F43 (2 ms)
[27/Mar/2018:23:47:30 +0800] 0:0:0:0:0:0:0:1 "GET /druid/js/lang.js HTTP/1.1" 200 C7D0669625DC50B4FA35E21116B85F43 (2 ms)
[27/Mar/2018:23:47:30 +0800] 0:0:0:0:0:0:0:1 "GET /druid/css/bootstrap.min.css HTTP/1.1" 200 C7D0669625DC50B4FA35E21116B85F43 (5 ms)
[27/Mar/2018:23:47:30 +0800] 0:0:0:0:0:0:0:1 "GET /druid/js/jquery.min.js HTTP/1.1" 200 C7D0669625DC50B4FA35E21116B85F43 (6 ms)
[27/Mar/2018:23:47:30 +0800] 0:0:0:0:0:0:0:1 "GET /druid/header.html HTTP/1.1" 200 C7D0669625DC50B4FA35E21116B85F43 (1 ms)
[27/Mar/2018:23:47:30 +0800] 0:0:0:0:0:0:0:1 "POST /druid/wall.json?orderBy=&orderType=asc&page=1&perPageCount=1000000& HTTP/1.1" 200 C7D0669625DC50B4FA35E21116B85F43 (4 ms)
[27/Mar/2018:23:47:31 +0800] 0:0:0:0:0:0:0:1 "GET /druid/webapp.html HTTP/1.1" 200 C7D0669625DC50B4FA35E21116B85F43 (2 ms)
[27/Mar/2018:23:47:31 +0800] 0:0:0:0:0:0:0:1 "GET /druid/css/bootstrap.min.css HTTP/1.1" 200 C7D0669625DC50B4FA35E21116B85F43 (2 ms)
[27/Mar/2018:23:47:31 +0800] 0:0:0:0:0:0:0:1 "GET /druid/js/bootstrap.min.js HTTP/1.1" 200 C7D0669625DC50B4FA35E21116B85F43 (2 ms)
[27/Mar/2018:23:47:31 +0800] 0:0:0:0:0:0:0:1 "GET /druid/js/doT.js HTTP/1.1" 200 C7D0669625DC50B4FA35E21116B85F43 (2 ms)
[27/Mar/2018:23:47:31 +0800] 0:0:0:0:0:0:0:1 "GET /druid/css/style.css HTTP/1.1" 200 C7D0669625DC50B4FA35E21116B85F43 (3 ms)
[27/Mar/2018:23:47:31 +0800] 0:0:0:0:0:0:0:1 "GET /druid/js/lang.js HTTP/1.1" 200 C7D0669625DC50B4FA35E21116B85F43 (3 ms)
[27/Mar/2018:23:47:31 +0800] 0:0:0:0:0:0:0:1 "GET /druid/js/common.js HTTP/1.1" 200 C7D0669625DC50B4FA35E21116B85F43 (2 ms)
[27/Mar/2018:23:47:31 +0800] 0:0:0:0:0:0:0:1 "GET /druid/js/jquery.min.js HTTP/1.1" 200 C7D0669625DC50B4FA35E21116B85F43 (5 ms)
[27/Mar/2018:23:47:31 +0800] 0:0:0:0:0:0:0:1 "GET /druid/header.html HTTP/1.1" 200 C7D0669625DC50B4FA35E21116B85F43 (2 ms)
[27/Mar/2018:23:47:31 +0800] 0:0:0:0:0:0:0:1 "POST /druid/webapp.json HTTP/1.1" 200 C7D0669625DC50B4FA35E21116B85F43 (5 ms)
[27/Mar/2018:23:47:33 +0800] 0:0:0:0:0:0:0:1 "GET /druid/weburi.html HTTP/1.1" 200 C7D0669625DC50B4FA35E21116B85F43 (2 ms)
[27/Mar/2018:23:47:33 +0800] 0:0:0:0:0:0:0:1 "GET /druid/js/common.js HTTP/1.1" 200 C7D0669625DC50B4FA35E21116B85F43 (1 ms)
[27/Mar/2018:23:47:33 +0800] 0:0:0:0:0:0:0:1 "GET /druid/js/lang.js HTTP/1.1" 200 C7D0669625DC50B4FA35E21116B85F43 (1 ms)
[27/Mar/2018:23:47:33 +0800] 0:0:0:0:0:0:0:1 "GET /druid/css/bootstrap.min.css HTTP/1.1" 200 C7D0669625DC50B4FA35E21116B85F43 (6 ms)
[27/Mar/2018:23:47:33 +0800] 0:0:0:0:0:0:0:1 "GET /druid/js/jquery.min.js HTTP/1.1" 200 C7D0669625DC50B4FA35E21116B85F43 (4 ms)
[27/Mar/2018:23:47:33 +0800] 0:0:0:0:0:0:0:1 "GET /druid/css/style.css HTTP/1.1" 200 C7D0669625DC50B4FA35E21116B85F43 (4 ms)
[27/Mar/2018:23:47:33 +0800] 0:0:0:0:0:0:0:1 "GET /druid/header.html HTTP/1.1" 200 C7D0669625DC50B4FA35E21116B85F43 (2 ms)
[27/Mar/2018:23:47:33 +0800] 0:0:0:0:0:0:0:1 "POST /druid/weburi.json?orderBy=URI&orderType=desc&page=1&perPageCount=1000000& HTTP/1.1" 200 C7D0669625DC50B4FA35E21116B85F43 (4 ms)
[27/Mar/2018:23:47:35 +0800] 0:0:0:0:0:0:0:1 "GET /druid/websession.html HTTP/1.1" 200 C7D0669625DC50B4FA35E21116B85F43 (1 ms)
[27/Mar/2018:23:47:35 +0800] 0:0:0:0:0:0:0:1 "GET /druid/js/lang.js HTTP/1.1" 200 C7D0669625DC50B4FA35E21116B85F43 (2 ms)
[27/Mar/2018:23:47:35 +0800] 0:0:0:0:0:0:0:1 "GET /druid/css/bootstrap.min.css HTTP/1.1" 200 C7D0669625DC50B4FA35E21116B85F43 (3 ms)
[27/Mar/2018:23:47:35 +0800] 0:0:0:0:0:0:0:1 "GET /druid/css/style.css HTTP/1.1" 200 C7D0669625DC50B4FA35E21116B85F43 (3 ms)
[27/Mar/2018:23:47:35 +0800] 0:0:0:0:0:0:0:1 "GET /druid/js/common.js HTTP/1.1" 200 C7D0669625DC50B4FA35E21116B85F43 (5 ms)
[27/Mar/2018:23:47:35 +0800] 0:0:0:0:0:0:0:1 "GET /druid/js/jquery.min.js HTTP/1.1" 200 C7D0669625DC50B4FA35E21116B85F43 (6 ms)
[27/Mar/2018:23:47:35 +0800] 0:0:0:0:0:0:0:1 "GET /druid/header.html HTTP/1.1" 200 C7D0669625DC50B4FA35E21116B85F43 (1 ms)
[27/Mar/2018:23:47:35 +0800] 0:0:0:0:0:0:0:1 "POST /druid/websession.json?orderBy=&orderType=asc&page=1&perPageCount=1000000& HTTP/1.1" 200 C7D0669625DC50B4FA35E21116B85F43 (1 ms)
[27/Mar/2018:23:47:36 +0800] 0:0:0:0:0:0:0:1 "GET /druid/spring.html HTTP/1.1" 200 C7D0669625DC50B4FA35E21116B85F43 (2 ms)
[27/Mar/2018:23:47:36 +0800] 0:0:0:0:0:0:0:1 "GET /druid/css/style.css HTTP/1.1" 200 C7D0669625DC50B4FA35E21116B85F43 (1 ms)
[27/Mar/2018:23:47:36 +0800] 0:0:0:0:0:0:0:1 "GET /druid/css/bootstrap.min.css HTTP/1.1" 200 C7D0669625DC50B4FA35E21116B85F43 (3 ms)
[27/Mar/2018:23:47:36 +0800] 0:0:0:0:0:0:0:1 "GET /druid/js/common.js HTTP/1.1" 200 C7D0669625DC50B4FA35E21116B85F43 (4 ms)
[27/Mar/2018:23:47:36 +0800] 0:0:0:0:0:0:0:1 "GET /druid/js/lang.js HTTP/1.1" 200 C7D0669625DC50B4FA35E21116B85F43 (4 ms)
[27/Mar/2018:23:47:36 +0800] 0:0:0:0:0:0:0:1 "GET /druid/js/jquery.min.js HTTP/1.1" 200 C7D0669625DC50B4FA35E21116B85F43 (8 ms)
[27/Mar/2018:23:47:36 +0800] 0:0:0:0:0:0:0:1 "GET /druid/header.html HTTP/1.1" 200 C7D0669625DC50B4FA35E21116B85F43 (2 ms)
[27/Mar/2018:23:47:36 +0800] 0:0:0:0:0:0:0:1 "POST /druid/spring.json?orderBy=&orderType=asc&page=1&perPageCount=1000000& HTTP/1.1" 200 C7D0669625DC50B4FA35E21116B85F43 (1 ms)
[27/Mar/2018:23:47:37 +0800] 0:0:0:0:0:0:0:1 "GET /druid/api.html HTTP/1.1" 200 C7D0669625DC50B4FA35E21116B85F43 (1 ms)
[27/Mar/2018:23:47:37 +0800] 0:0:0:0:0:0:0:1 "GET /druid/css/style.css HTTP/1.1" 200 C7D0669625DC50B4FA35E21116B85F43 (1 ms)
[27/Mar/2018:23:47:37 +0800] 0:0:0:0:0:0:0:1 "GET /druid/js/common.js HTTP/1.1" 200 C7D0669625DC50B4FA35E21116B85F43 (1 ms)
[27/Mar/2018:23:47:37 +0800] 0:0:0:0:0:0:0:1 "GET /druid/js/lang.js HTTP/1.1" 200 C7D0669625DC50B4FA35E21116B85F43 (2 ms)
[27/Mar/2018:23:47:37 +0800] 0:0:0:0:0:0:0:1 "GET /druid/css/bootstrap.min.css HTTP/1.1" 200 C7D0669625DC50B4FA35E21116B85F43 (4 ms)
[27/Mar/2018:23:47:37 +0800] 0:0:0:0:0:0:0:1 "GET /druid/js/jquery.min.js HTTP/1.1" 200 C7D0669625DC50B4FA35E21116B85F43 (4 ms)
[27/Mar/2018:23:47:37 +0800] 0:0:0:0:0:0:0:1 "GET /druid/header.html HTTP/1.1" 200 C7D0669625DC50B4FA35E21116B85F43 (2 ms)
