[29/Mar/2018:19:27:12 +0800] 0:0:0:0:0:0:0:1 "GET / HTTP/1.1" 200 - (577 ms)
[29/Mar/2018:19:27:12 +0800] 0:0:0:0:0:0:0:1 "GET /js/jquery-3.2.1.min.js HTTP/1.1" 200 - (32 ms)
[29/Mar/2018:19:27:12 +0800] 0:0:0:0:0:0:0:1 "GET /css/bootstrap.min.css HTTP/1.1" 200 - (37 ms)
[29/Mar/2018:19:27:12 +0800] 0:0:0:0:0:0:0:1 "GET /js/bootstrap.min.js HTTP/1.1" 200 - (32 ms)
[29/Mar/2018:19:27:12 +0800] 0:0:0:0:0:0:0:1 "GET /css/bootstrap-theme.min.css HTTP/1.1" 200 - (38 ms)
[29/Mar/2018:19:27:12 +0800] 0:0:0:0:0:0:0:1 "GET /js/DtoCreator.js HTTP/1.1" 200 - (38 ms)
[29/Mar/2018:19:27:13 +0800] 0:0:0:0:0:0:0:1 "GET /swagger-ui.html HTTP/1.1" 200 - (18 ms)
[29/Mar/2018:19:27:13 +0800] 0:0:0:0:0:0:0:1 "GET /webjars/springfox-swagger-ui/css/reset.css HTTP/1.1" 304 - (12 ms)
[29/Mar/2018:19:27:13 +0800] 0:0:0:0:0:0:0:1 "GET /webjars/springfox-swagger-ui/css/typography.css HTTP/1.1" 200 - (17 ms)
[29/Mar/2018:19:27:13 +0800] 0:0:0:0:0:0:0:1 "GET /webjars/springfox-swagger-ui/lib/object-assign-pollyfill.js HTTP/1.1" 304 - (16 ms)
[29/Mar/2018:19:27:13 +0800] 0:0:0:0:0:0:0:1 "GET /webjars/springfox-swagger-ui/lib/jquery-1.8.0.min.js HTTP/1.1" 200 - (21 ms)
[29/Mar/2018:19:27:13 +0800] 0:0:0:0:0:0:0:1 "GET /webjars/springfox-swagger-ui/css/print.css HTTP/1.1" 200 - (35 ms)
[29/Mar/2018:19:27:13 +0800] 0:0:0:0:0:0:0:1 "GET /webjars/springfox-swagger-ui/lib/backbone-min.js HTTP/1.1" 200 - (30 ms)
[29/Mar/2018:19:27:13 +0800] 0:0:0:0:0:0:0:1 "GET /webjars/springfox-swagger-ui/lib/highlight.9.1.0.pack.js HTTP/1.1" 200 - (16 ms)
[29/Mar/2018:19:27:13 +0800] 0:0:0:0:0:0:0:1 "GET /webjars/springfox-swagger-ui/lib/swagger-oauth.js HTTP/1.1" 200 - (12 ms)
[29/Mar/2018:19:27:13 +0800] 0:0:0:0:0:0:0:1 "GET /webjars/springfox-swagger-ui/lib/marked.js HTTP/1.1" 200 - (24 ms)
[29/Mar/2018:19:27:13 +0800] 0:0:0:0:0:0:0:1 "GET /webjars/springfox-swagger-ui/springfox.js HTTP/1.1" 200 - (13 ms)
[29/Mar/2018:19:27:13 +0800] 0:0:0:0:0:0:0:1 "GET /webjars/springfox-swagger-ui/lib/jquery.ba-bbq.min.js HTTP/1.1" 304 - (7 ms)
[29/Mar/2018:19:27:13 +0800] 0:0:0:0:0:0:0:1 "GET /webjars/springfox-swagger-ui/lib/jquery.slideto.min.js HTTP/1.1" 304 - (16 ms)
[29/Mar/2018:19:27:13 +0800] 0:0:0:0:0:0:0:1 "GET /webjars/springfox-swagger-ui/lib/jquery.wiggle.min.js HTTP/1.1" 304 - (7 ms)
[29/Mar/2018:19:27:13 +0800] 0:0:0:0:0:0:0:1 "GET /webjars/springfox-swagger-ui/swagger-ui.min.js HTTP/1.1" 200 - (44 ms)
[29/Mar/2018:19:27:13 +0800] 0:0:0:0:0:0:0:1 "GET /webjars/springfox-swagger-ui/lib/lodash.min.js HTTP/1.1" 304 - (15 ms)
[29/Mar/2018:19:27:13 +0800] 0:0:0:0:0:0:0:1 "GET /webjars/springfox-swagger-ui/lib/highlight.9.1.0.pack_extended.js HTTP/1.1" 304 - (5 ms)
[29/Mar/2018:19:27:13 +0800] 0:0:0:0:0:0:0:1 "GET /webjars/springfox-swagger-ui/lib/handlebars-4.0.5.js HTTP/1.1" 304 - (8 ms)
[29/Mar/2018:19:27:13 +0800] 0:0:0:0:0:0:0:1 "GET /webjars/springfox-swagger-ui/css/screen.css HTTP/1.1" 304 - (33 ms)
[29/Mar/2018:19:27:13 +0800] 0:0:0:0:0:0:0:1 "GET /webjars/springfox-swagger-ui/lib/jsoneditor.min.js HTTP/1.1" 304 - (8 ms)
[29/Mar/2018:19:27:13 +0800] 0:0:0:0:0:0:0:1 "GET /webjars/springfox-swagger-ui/images/logo_small.png HTTP/1.1" 200 - (16 ms)
[29/Mar/2018:19:27:13 +0800] 0:0:0:0:0:0:0:1 "GET /webjars/springfox-swagger-ui/fonts/DroidSans-Bold.ttf HTTP/1.1" 304 - (7 ms)
[29/Mar/2018:19:27:13 +0800] 0:0:0:0:0:0:0:1 "GET /webjars/springfox-swagger-ui/fonts/DroidSans.ttf HTTP/1.1" 304 - (10 ms)
[29/Mar/2018:19:27:13 +0800] 0:0:0:0:0:0:0:1 "GET /swagger-resources/configuration/ui HTTP/1.1" 200 - (88 ms)
[29/Mar/2018:19:27:13 +0800] 0:0:0:0:0:0:0:1 "GET /swagger-resources HTTP/1.1" 200 - (16 ms)
[29/Mar/2018:19:27:13 +0800] 0:0:0:0:0:0:0:1 "GET /v2/api-docs?group=appApi-v1.0 HTTP/1.1" 200 - (187 ms)
[29/Mar/2018:19:27:13 +0800] 0:0:0:0:0:0:0:1 "GET /swagger-resources/configuration/security HTTP/1.1" 200 - (7 ms)
[29/Mar/2018:23:35:48 +0800] 0:0:0:0:0:0:0:1 "GET /js/DtoCreator.js HTTP/1.1" 200 - (125 ms)
[29/Mar/2018:23:35:48 +0800] 0:0:0:0:0:0:0:1 "GET /css/bootstrap.min.css HTTP/1.1" 200 - (125 ms)
[29/Mar/2018:23:35:48 +0800] 0:0:0:0:0:0:0:1 "GET /js/jquery-3.2.1.min.js HTTP/1.1" 200 - (125 ms)
[29/Mar/2018:23:35:48 +0800] 0:0:0:0:0:0:0:1 "GET /css/bootstrap-theme.min.css HTTP/1.1" 200 - (125 ms)
[29/Mar/2018:23:35:48 +0800] 0:0:0:0:0:0:0:1 "GET /js/bootstrap.min.js HTTP/1.1" 200 - (125 ms)
[29/Mar/2018:23:35:48 +0800] 0:0:0:0:0:0:0:1 "GET / HTTP/1.1" 200 - (593 ms)
[29/Mar/2018:23:35:54 +0800] 0:0:0:0:0:0:0:1 "GET / HTTP/1.1" 200 - (13 ms)
[29/Mar/2018:23:35:54 +0800] 0:0:0:0:0:0:0:1 "GET /swagger-ui.html HTTP/1.1" 200 - (13 ms)
[29/Mar/2018:23:35:54 +0800] 0:0:0:0:0:0:0:1 "GET /swagger-resources/configuration/ui HTTP/1.1" 200 - (46 ms)
[29/Mar/2018:23:35:54 +0800] 0:0:0:0:0:0:0:1 "GET /swagger-resources HTTP/1.1" 200 - (7 ms)
[29/Mar/2018:23:35:55 +0800] 0:0:0:0:0:0:0:1 "GET /v2/api-docs?group=appApi-v1.0 HTTP/1.1" 500 - (157 ms)
[29/Mar/2018:23:35:55 +0800] 0:0:0:0:0:0:0:1 "GET /swagger-resources/configuration/ui HTTP/1.1" 200 - (3 ms)
[29/Mar/2018:23:35:55 +0800] 0:0:0:0:0:0:0:1 "GET /swagger-resources HTTP/1.1" 200 - (3 ms)
[29/Mar/2018:23:35:55 +0800] 0:0:0:0:0:0:0:1 "GET /v2/api-docs?group=appApi-v1.0 HTTP/1.1" 200 - (18 ms)
[29/Mar/2018:23:35:55 +0800] 0:0:0:0:0:0:0:1 "GET /swagger-resources/configuration/security HTTP/1.1" 200 - (7 ms)
[29/Mar/2018:23:36:03 +0800] 0:0:0:0:0:0:0:1 "GET /webjars/springfox-swagger-ui/images/throbber.gif HTTP/1.1" 200 - (8 ms)
[29/Mar/2018:23:36:06 +0800] 0:0:0:0:0:0:0:1 "GET /api/color HTTP/1.1" 200 - (2207 ms)
[29/Mar/2018:23:36:26 +0800] 0:0:0:0:0:0:0:1 "GET /api/color?page=%60&pageSize=4 HTTP/1.1" 400 - (8 ms)
[29/Mar/2018:23:36:30 +0800] 0:0:0:0:0:0:0:1 "GET /api/color?page=1&pageSize=4 HTTP/1.1" 200 - (56 ms)
[29/Mar/2018:23:41:43 +0800] 0:0:0:0:0:0:0:1 "GET /swagger-ui.html HTTP/1.1" 404 - (157 ms)
[29/Mar/2018:23:41:45 +0800] 0:0:0:0:0:0:0:1 "GET /swagger-ui.html HTTP/1.1" 404 - (19 ms)
[29/Mar/2018:23:41:48 +0800] 0:0:0:0:0:0:0:1 "GET /swagger-ui.html HTTP/1.1" 404 - (13 ms)
[29/Mar/2018:23:43:03 +0800] 0:0:0:0:0:0:0:1 "GET /swagger-resources/configuration/ui HTTP/1.1" 200 - (45 ms)
[29/Mar/2018:23:43:03 +0800] 0:0:0:0:0:0:0:1 "GET /swagger-resources HTTP/1.1" 200 - (7 ms)
[29/Mar/2018:23:43:03 +0800] 0:0:0:0:0:0:0:1 "GET /v2/api-docs?group=appApi-v1.0 HTTP/1.1" 500 - (294 ms)
[29/Mar/2018:23:45:51 +0800] 0:0:0:0:0:0:0:1 "GET /css/bootstrap-theme.min.css HTTP/1.1" 200 - (18 ms)
[29/Mar/2018:23:45:51 +0800] 0:0:0:0:0:0:0:1 "GET /js/bootstrap.min.js HTTP/1.1" 200 - (18 ms)
[29/Mar/2018:23:45:51 +0800] 0:0:0:0:0:0:0:1 "GET /js/DtoCreator.js HTTP/1.1" 200 - (19 ms)
[29/Mar/2018:23:45:51 +0800] 0:0:0:0:0:0:0:1 "GET /js/jquery-3.2.1.min.js HTTP/1.1" 200 - (21 ms)
[29/Mar/2018:23:45:51 +0800] 0:0:0:0:0:0:0:1 "GET /css/bootstrap.min.css HTTP/1.1" 200 - (21 ms)
[29/Mar/2018:23:45:52 +0800] 0:0:0:0:0:0:0:1 "GET / HTTP/1.1" 200 - (212 ms)
[29/Mar/2018:23:45:52 +0800] 0:0:0:0:0:0:0:1 "GET / HTTP/1.1" 200 - (318 ms)
[29/Mar/2018:23:45:52 +0800] 0:0:0:0:0:0:0:1 "GET /css/bootstrap.min.css HTTP/1.1" 200 - (13 ms)
[29/Mar/2018:23:45:52 +0800] 0:0:0:0:0:0:0:1 "GET /js/jquery-3.2.1.min.js HTTP/1.1" 200 - (17 ms)
[29/Mar/2018:23:45:52 +0800] 0:0:0:0:0:0:0:1 "GET /js/DtoCreator.js HTTP/1.1" 200 - (20 ms)
[29/Mar/2018:23:45:52 +0800] 0:0:0:0:0:0:0:1 "GET /css/bootstrap-theme.min.css HTTP/1.1" 200 - (21 ms)
[29/Mar/2018:23:45:52 +0800] 0:0:0:0:0:0:0:1 "GET /js/bootstrap.min.js HTTP/1.1" 200 - (37 ms)
[29/Mar/2018:23:46:20 +0800] 0:0:0:0:0:0:0:1 "POST /dto/source-viewer HTTP/1.1" 404 - (13 ms)
[29/Mar/2018:23:46:24 +0800] 0:0:0:0:0:0:0:1 "POST /dto/source-viewer HTTP/1.1" 404 - (8 ms)
[29/Mar/2018:23:46:41 +0800] 0:0:0:0:0:0:0:1 "POST /dto/source-viewer HTTP/1.1" 404 - (10 ms)
[29/Mar/2018:23:47:07 +0800] 0:0:0:0:0:0:0:1 "GET /dto/source-viewer HTTP/1.1" 404 - (7 ms)
[29/Mar/2018:23:49:53 +0800] 0:0:0:0:0:0:0:1 "GET /css/bootstrap-theme.min.css HTTP/1.1" 404 - (176 ms)
[29/Mar/2018:23:49:53 +0800] 0:0:0:0:0:0:0:1 "GET /css/bootstrap.min.css HTTP/1.1" 404 - (178 ms)
[29/Mar/2018:23:49:53 +0800] 0:0:0:0:0:0:0:1 "GET /js/jquery-3.2.1.min.js HTTP/1.1" 404 - (175 ms)
[29/Mar/2018:23:49:53 +0800] 0:0:0:0:0:0:0:1 "GET /js/DtoCreator.js HTTP/1.1" 404 - (175 ms)
[29/Mar/2018:23:49:53 +0800] 0:0:0:0:0:0:0:1 "GET /js/bootstrap.min.js HTTP/1.1" 404 - (179 ms)
[29/Mar/2018:23:49:53 +0800] 0:0:0:0:0:0:0:1 "GET / HTTP/1.1" 200 - (620 ms)
[29/Mar/2018:23:49:53 +0800] 0:0:0:0:0:0:0:1 "GET /js/jquery-3.2.1.min.js HTTP/1.1" 404 - (11 ms)
[29/Mar/2018:23:49:53 +0800] 0:0:0:0:0:0:0:1 "GET /js/DtoCreator.js HTTP/1.1" 404 - (11 ms)
[29/Mar/2018:23:49:53 +0800] 0:0:0:0:0:0:0:1 "GET /js/bootstrap.min.js HTTP/1.1" 404 - (12 ms)
[29/Mar/2018:23:49:53 +0800] 0:0:0:0:0:0:0:1 "GET /css/bootstrap.min.css HTTP/1.1" 404 - (14 ms)
[29/Mar/2018:23:49:53 +0800] 0:0:0:0:0:0:0:1 "GET /css/bootstrap-theme.min.css HTTP/1.1" 404 - (14 ms)
[29/Mar/2018:23:51:54 +0800] 0:0:0:0:0:0:0:1 "GET /js/jquery-3.2.1.min.js HTTP/1.1" 200 - (135 ms)
[29/Mar/2018:23:51:54 +0800] 0:0:0:0:0:0:0:1 "GET /js/DtoCreator.js HTTP/1.1" 200 - (135 ms)
[29/Mar/2018:23:51:54 +0800] 0:0:0:0:0:0:0:1 "GET /js/bootstrap.min.js HTTP/1.1" 200 - (135 ms)
[29/Mar/2018:23:51:54 +0800] 0:0:0:0:0:0:0:1 "GET /css/bootstrap-theme.min.css HTTP/1.1" 200 - (135 ms)
[29/Mar/2018:23:51:54 +0800] 0:0:0:0:0:0:0:1 "GET /css/bootstrap.min.css HTTP/1.1" 200 - (135 ms)
[29/Mar/2018:23:51:55 +0800] 0:0:0:0:0:0:0:1 "GET / HTTP/1.1" 200 - (721 ms)
[29/Mar/2018:23:51:55 +0800] 0:0:0:0:0:0:0:1 "GET /js/DtoCreator.js HTTP/1.1" 200 - (12 ms)
[29/Mar/2018:23:51:55 +0800] 0:0:0:0:0:0:0:1 "GET /js/bootstrap.min.js HTTP/1.1" 200 - (13 ms)
[29/Mar/2018:23:51:55 +0800] 0:0:0:0:0:0:0:1 "GET /js/jquery-3.2.1.min.js HTTP/1.1" 200 - (13 ms)
[29/Mar/2018:23:51:55 +0800] 0:0:0:0:0:0:0:1 "GET /css/bootstrap-theme.min.css HTTP/1.1" 200 - (16 ms)
[29/Mar/2018:23:51:55 +0800] 0:0:0:0:0:0:0:1 "GET /css/bootstrap.min.css HTTP/1.1" 200 - (18 ms)
[29/Mar/2018:23:52:09 +0800] 0:0:0:0:0:0:0:1 "POST /dto/source-viewer HTTP/1.1" 500 - (66 ms)
[29/Mar/2018:23:52:14 +0800] 0:0:0:0:0:0:0:1 "POST /dto/source-viewer HTTP/1.1" 500 - (10 ms)
[29/Mar/2018:23:53:08 +0800] 0:0:0:0:0:0:0:1 "POST /dto/source-viewer HTTP/1.1" 500 - (10 ms)
[29/Mar/2018:23:59:37 +0800] 0:0:0:0:0:0:0:1 "GET /js/DtoCreator.js HTTP/1.1" 200 - (165 ms)
[29/Mar/2018:23:59:37 +0800] 0:0:0:0:0:0:0:1 "GET /css/bootstrap-theme.min.css HTTP/1.1" 200 - (165 ms)
[29/Mar/2018:23:59:37 +0800] 0:0:0:0:0:0:0:1 "GET /js/bootstrap.min.js HTTP/1.1" 200 - (164 ms)
[29/Mar/2018:23:59:37 +0800] 0:0:0:0:0:0:0:1 "GET /js/jquery-3.2.1.min.js HTTP/1.1" 200 - (165 ms)
[29/Mar/2018:23:59:37 +0800] 0:0:0:0:0:0:0:1 "GET /css/bootstrap.min.css HTTP/1.1" 200 - (169 ms)
[29/Mar/2018:23:59:40 +0800] 0:0:0:0:0:0:0:1 "POST /dto/source-viewer HTTP/1.1" 500 - (62 ms)
