[28/Mar/2018:07:36:25 +0800] 0:0:0:0:0:0:0:1 "GET /swagger-ui.html HTTP/1.1" 200 - (327 ms)
[28/Mar/2018:07:36:25 +0800] 0:0:0:0:0:0:0:1 "GET /webjars/springfox-swagger-ui/lib/jquery.slideto.min.js HTTP/1.1" 200 - (18 ms)
[28/Mar/2018:07:36:25 +0800] 0:0:0:0:0:0:0:1 "GET /webjars/springfox-swagger-ui/lib/jquery-1.8.0.min.js HTTP/1.1" 200 - (21 ms)
[28/Mar/2018:07:36:25 +0800] 0:0:0:0:0:0:0:1 "GET /webjars/springfox-swagger-ui/css/reset.css HTTP/1.1" 304 - (28 ms)
[28/Mar/2018:07:36:25 +0800] 0:0:0:0:0:0:0:1 "GET /webjars/springfox-swagger-ui/lib/jquery.wiggle.min.js HTTP/1.1" 200 - (16 ms)
[28/Mar/2018:07:36:25 +0800] 0:0:0:0:0:0:0:1 "GET /webjars/springfox-swagger-ui/lib/jquery.ba-bbq.min.js HTTP/1.1" 200 - (17 ms)
[28/Mar/2018:07:36:25 +0800] 0:0:0:0:0:0:0:1 "GET /webjars/springfox-swagger-ui/lib/highlight.9.1.0.pack_extended.js HTTP/1.1" 200 - (13 ms)
[28/Mar/2018:07:36:25 +0800] 0:0:0:0:0:0:0:1 "GET /webjars/springfox-swagger-ui/lib/object-assign-pollyfill.js HTTP/1.1" 304 - (15 ms)
[28/Mar/2018:07:36:25 +0800] 0:0:0:0:0:0:0:1 "GET /webjars/springfox-swagger-ui/lib/jsoneditor.min.js HTTP/1.1" 200 - (17 ms)
[28/Mar/2018:07:36:25 +0800] 0:0:0:0:0:0:0:1 "GET /webjars/springfox-swagger-ui/springfox.js HTTP/1.1" 200 - (14 ms)
[28/Mar/2018:07:36:25 +0800] 0:0:0:0:0:0:0:1 "GET /webjars/springfox-swagger-ui/css/typography.css HTTP/1.1" 304 - (14 ms)
[28/Mar/2018:07:36:25 +0800] 0:0:0:0:0:0:0:1 "GET /webjars/springfox-swagger-ui/lib/lodash.min.js HTTP/1.1" 304 - (11 ms)
[28/Mar/2018:07:36:25 +0800] 0:0:0:0:0:0:0:1 "GET /webjars/springfox-swagger-ui/css/screen.css HTTP/1.1" 304 - (13 ms)
[28/Mar/2018:07:36:25 +0800] 0:0:0:0:0:0:0:1 "GET /webjars/springfox-swagger-ui/lib/highlight.9.1.0.pack.js HTTP/1.1" 304 - (12 ms)
[28/Mar/2018:07:36:25 +0800] 0:0:0:0:0:0:0:1 "GET /webjars/springfox-swagger-ui/lib/marked.js HTTP/1.1" 200 - (26 ms)
[28/Mar/2018:07:36:25 +0800] 0:0:0:0:0:0:0:1 "GET /webjars/springfox-swagger-ui/lib/handlebars-4.0.5.js HTTP/1.1" 304 - (17 ms)
[28/Mar/2018:07:36:25 +0800] 0:0:0:0:0:0:0:1 "GET /webjars/springfox-swagger-ui/lib/swagger-oauth.js HTTP/1.1" 304 - (12 ms)
[28/Mar/2018:07:36:25 +0800] 0:0:0:0:0:0:0:1 "GET /webjars/springfox-swagger-ui/lib/backbone-min.js HTTP/1.1" 304 - (12 ms)
[28/Mar/2018:07:36:25 +0800] 0:0:0:0:0:0:0:1 "GET /webjars/springfox-swagger-ui/swagger-ui.min.js HTTP/1.1" 304 - (12 ms)
[28/Mar/2018:07:36:25 +0800] 0:0:0:0:0:0:0:1 "GET /webjars/springfox-swagger-ui/images/logo_small.png HTTP/1.1" 304 - (15 ms)
[28/Mar/2018:07:36:25 +0800] 0:0:0:0:0:0:0:1 "GET /webjars/springfox-swagger-ui/css/print.css HTTP/1.1" 304 - (18 ms)
[28/Mar/2018:07:36:25 +0800] 0:0:0:0:0:0:0:1 "GET /webjars/springfox-swagger-ui/fonts/DroidSans-Bold.ttf HTTP/1.1" 304 - (10 ms)
[28/Mar/2018:07:36:25 +0800] 0:0:0:0:0:0:0:1 "GET /webjars/springfox-swagger-ui/fonts/DroidSans.ttf HTTP/1.1" 200 - (13 ms)
[28/Mar/2018:07:36:25 +0800] 0:0:0:0:0:0:0:1 "GET /swagger-resources/configuration/ui HTTP/1.1" 200 - (126 ms)
[28/Mar/2018:07:36:25 +0800] 0:0:0:0:0:0:0:1 "GET /webjars/springfox-swagger-ui/images/favicon-16x16.png HTTP/1.1" 304 - (11 ms)
[28/Mar/2018:07:36:25 +0800] 0:0:0:0:0:0:0:1 "GET /swagger-resources HTTP/1.1" 200 - (11 ms)
[28/Mar/2018:07:36:25 +0800] 0:0:0:0:0:0:0:1 "GET /v2/api-docs?group=appApi-v1.0 HTTP/1.1" 200 - (176 ms)
[28/Mar/2018:07:36:26 +0800] 0:0:0:0:0:0:0:1 "GET /swagger-resources/configuration/security HTTP/1.1" 200 - (7 ms)
[28/Mar/2018:07:36:32 +0800] 0:0:0:0:0:0:0:1 "GET /webjars/springfox-swagger-ui/images/throbber.gif HTTP/1.1" 200 - (9 ms)
[28/Mar/2018:07:36:33 +0800] 0:0:0:0:0:0:0:1 "GET /api/color HTTP/1.1" 200 - (1367 ms)
[28/Mar/2018:07:41:24 +0800] 0:0:0:0:0:0:0:1 "GET /api/color?page=2&pageSize=4 HTTP/1.1" 200 - (80 ms)
