[03/Apr/2018:10:55:52 +0800] 0:0:0:0:0:0:0:1 "GET /swagger-ui.html HTTP/1.1" 200 - (133 ms)
[03/Apr/2018:10:55:52 +0800] 0:0:0:0:0:0:0:1 "GET /webjars/springfox-swagger-ui/css/typography.css HTTP/1.1" 200 - (16 ms)
[03/Apr/2018:10:55:52 +0800] 0:0:0:0:0:0:0:1 "GET /webjars/springfox-swagger-ui/lib/jquery-1.8.0.min.js HTTP/1.1" 200 - (18 ms)
[03/Apr/2018:10:55:52 +0800] 0:0:0:0:0:0:0:1 "GET /webjars/springfox-swagger-ui/css/reset.css HTTP/1.1" 200 - (19 ms)
[03/Apr/2018:10:55:52 +0800] 0:0:0:0:0:0:0:1 "GET /webjars/springfox-swagger-ui/css/screen.css HTTP/1.1" 200 - (20 ms)
[03/Apr/2018:10:55:52 +0800] 0:0:0:0:0:0:0:1 "GET /webjars/springfox-swagger-ui/lib/jquery.slideto.min.js HTTP/1.1" 200 - (17 ms)
[03/Apr/2018:10:55:52 +0800] 0:0:0:0:0:0:0:1 "GET /webjars/springfox-swagger-ui/lib/object-assign-pollyfill.js HTTP/1.1" 200 - (20 ms)
[03/Apr/2018:10:55:52 +0800] 0:0:0:0:0:0:0:1 "GET /webjars/springfox-swagger-ui/lib/jquery.ba-bbq.min.js HTTP/1.1" 200 - (10 ms)
[03/Apr/2018:10:55:52 +0800] 0:0:0:0:0:0:0:1 "GET /webjars/springfox-swagger-ui/lib/jquery.wiggle.min.js HTTP/1.1" 200 - (11 ms)
[03/Apr/2018:10:55:52 +0800] 0:0:0:0:0:0:0:1 "GET /webjars/springfox-swagger-ui/lib/backbone-min.js HTTP/1.1" 200 - (16 ms)
[03/Apr/2018:10:55:52 +0800] 0:0:0:0:0:0:0:1 "GET /webjars/springfox-swagger-ui/lib/lodash.min.js HTTP/1.1" 200 - (15 ms)
[03/Apr/2018:10:55:52 +0800] 0:0:0:0:0:0:0:1 "GET /webjars/springfox-swagger-ui/lib/highlight.9.1.0.pack_extended.js HTTP/1.1" 200 - (15 ms)
[03/Apr/2018:10:55:52 +0800] 0:0:0:0:0:0:0:1 "GET /webjars/springfox-swagger-ui/lib/marked.js HTTP/1.1" 200 - (8 ms)
[03/Apr/2018:10:55:52 +0800] 0:0:0:0:0:0:0:1 "GET /webjars/springfox-swagger-ui/lib/jsoneditor.min.js HTTP/1.1" 200 - (25 ms)
[03/Apr/2018:10:55:52 +0800] 0:0:0:0:0:0:0:1 "GET /webjars/springfox-swagger-ui/swagger-ui.min.js HTTP/1.1" 200 - (38 ms)
[03/Apr/2018:10:55:52 +0800] 0:0:0:0:0:0:0:1 "GET /webjars/springfox-swagger-ui/lib/handlebars-4.0.5.js HTTP/1.1" 200 - (38 ms)
[03/Apr/2018:10:55:52 +0800] 0:0:0:0:0:0:0:1 "GET /webjars/springfox-swagger-ui/lib/highlight.9.1.0.pack.js HTTP/1.1" 200 - (19 ms)
[03/Apr/2018:10:55:52 +0800] 0:0:0:0:0:0:0:1 "GET /webjars/springfox-swagger-ui/lib/swagger-oauth.js HTTP/1.1" 200 - (17 ms)
[03/Apr/2018:10:55:52 +0800] 0:0:0:0:0:0:0:1 "GET /webjars/springfox-swagger-ui/springfox.js HTTP/1.1" 200 - (6 ms)
[03/Apr/2018:10:55:52 +0800] 0:0:0:0:0:0:0:1 "GET /webjars/springfox-swagger-ui/images/logo_small.png HTTP/1.1" 200 - (8 ms)
[03/Apr/2018:10:55:52 +0800] 0:0:0:0:0:0:0:1 "GET /webjars/springfox-swagger-ui/css/print.css HTTP/1.1" 200 - (7 ms)
[03/Apr/2018:10:55:52 +0800] 0:0:0:0:0:0:0:1 "GET /webjars/springfox-swagger-ui/fonts/DroidSans-Bold.ttf HTTP/1.1" 200 - (8 ms)
[03/Apr/2018:10:55:52 +0800] 0:0:0:0:0:0:0:1 "GET /webjars/springfox-swagger-ui/fonts/DroidSans.ttf HTTP/1.1" 200 - (6 ms)
[03/Apr/2018:10:55:52 +0800] 0:0:0:0:0:0:0:1 "GET /swagger-resources/configuration/ui HTTP/1.1" 200 - (63 ms)
[03/Apr/2018:10:55:52 +0800] 0:0:0:0:0:0:0:1 "GET /swagger-resources HTTP/1.1" 200 - (8 ms)
[03/Apr/2018:10:55:52 +0800] 0:0:0:0:0:0:0:1 "GET /webjars/springfox-swagger-ui/images/favicon-32x32.png HTTP/1.1" 200 - (8 ms)
[03/Apr/2018:10:55:52 +0800] 0:0:0:0:0:0:0:1 "GET /webjars/springfox-swagger-ui/images/favicon-16x16.png HTTP/1.1" 200 - (5 ms)
[03/Apr/2018:10:55:52 +0800] 0:0:0:0:0:0:0:1 "GET /v2/api-docs?group=appApi-v1.0 HTTP/1.1" 200 - (145 ms)
[03/Apr/2018:10:55:52 +0800] 0:0:0:0:0:0:0:1 "GET /swagger-resources/configuration/security HTTP/1.1" 200 - (5 ms)
[03/Apr/2018:10:58:03 +0800] 0:0:0:0:0:0:0:1 "GET /swagger-ui.html HTTP/1.1" 304 - (6 ms)
[03/Apr/2018:10:58:03 +0800] 0:0:0:0:0:0:0:1 "GET /swagger-resources/configuration/ui HTTP/1.1" 200 - (4 ms)
[03/Apr/2018:10:58:03 +0800] 0:0:0:0:0:0:0:1 "GET /swagger-resources HTTP/1.1" 200 - (4 ms)
[03/Apr/2018:10:58:03 +0800] 0:0:0:0:0:0:0:1 "GET /webjars/springfox-swagger-ui/images/favicon-32x32.png HTTP/1.1" 200 - (4 ms)
[03/Apr/2018:10:58:03 +0800] 0:0:0:0:0:0:0:1 "GET /v2/api-docs?group=appApi-v1.0 HTTP/1.1" 200 - (16 ms)
[03/Apr/2018:10:58:03 +0800] 0:0:0:0:0:0:0:1 "GET /swagger-resources/configuration/security HTTP/1.1" 200 - (3 ms)
[03/Apr/2018:10:58:04 +0800] 0:0:0:0:0:0:0:1 "GET /swagger-ui.html HTTP/1.1" 304 - (3 ms)
[03/Apr/2018:10:58:04 +0800] 0:0:0:0:0:0:0:1 "GET /swagger-resources/configuration/ui HTTP/1.1" 200 - (3 ms)
[03/Apr/2018:10:58:04 +0800] 0:0:0:0:0:0:0:1 "GET /swagger-resources HTTP/1.1" 200 - (2 ms)
[03/Apr/2018:10:58:04 +0800] 0:0:0:0:0:0:0:1 "GET /webjars/springfox-swagger-ui/images/favicon-32x32.png HTTP/1.1" 200 - (4 ms)
[03/Apr/2018:10:58:04 +0800] 0:0:0:0:0:0:0:1 "GET /v2/api-docs?group=appApi-v1.0 HTTP/1.1" 200 - (7 ms)
[03/Apr/2018:10:58:04 +0800] 0:0:0:0:0:0:0:1 "GET /swagger-resources/configuration/security HTTP/1.1" 200 - (3 ms)
[03/Apr/2018:11:52:02 +0800] 0:0:0:0:0:0:0:1 "GET /swagger-ui.html HTTP/1.1" 304 - (90 ms)
[03/Apr/2018:11:52:02 +0800] 0:0:0:0:0:0:0:1 "GET /webjars/springfox-swagger-ui/images/favicon-32x32.png HTTP/1.1" 200 - (19 ms)
[03/Apr/2018:11:52:02 +0800] 0:0:0:0:0:0:0:1 "GET /swagger-resources/configuration/ui HTTP/1.1" 200 - (58 ms)
[03/Apr/2018:11:52:02 +0800] 0:0:0:0:0:0:0:1 "GET /swagger-resources HTTP/1.1" 200 - (9 ms)
[03/Apr/2018:11:52:02 +0800] 0:0:0:0:0:0:0:1 "GET /v2/api-docs?group=appApi-v1.0 HTTP/1.1" 200 - (105 ms)
[03/Apr/2018:11:52:02 +0800] 0:0:0:0:0:0:0:1 "GET /swagger-resources/configuration/security HTTP/1.1" 200 - (7 ms)
[03/Apr/2018:11:52:46 +0800] 0:0:0:0:0:0:0:1 "GET /webjars/springfox-swagger-ui/images/throbber.gif HTTP/1.1" 200 - (12 ms)
[03/Apr/2018:11:53:10 +0800] 0:0:0:0:0:0:0:1 "GET /api/systemConfig HTTP/1.1" 400 - (10378 ms)
[03/Apr/2018:11:53:50 +0800] 0:0:0:0:0:0:0:1 "GET /api/message/byUser HTTP/1.1" 400 - (178 ms)
[03/Apr/2018:11:54:11 +0800] 0:0:0:0:0:0:0:1 "GET /api/systemConfig?key=app_config HTTP/1.1" 200 - (429 ms)
