[30/Mar/2018:00:00:47 +0800] 0:0:0:0:0:0:0:1 "POST /dto/source-generator HTTP/1.1" 500 - (13 ms)
[30/Mar/2018:00:11:31 +0800] 0:0:0:0:0:0:0:1 "POST /dto/source-viewer HTTP/1.1" 405 - (122 ms)
[30/Mar/2018:00:12:07 +0800] 0:0:0:0:0:0:0:1 "POST /dto/source-generator HTTP/1.1" 400 - (9 ms)
[30/Mar/2018:00:12:47 +0800] 0:0:0:0:0:0:0:1 "POST /dto/source-viewer HTTP/1.1" 405 - (7 ms)
[30/Mar/2018:00:12:51 +0800] 0:0:0:0:0:0:0:1 "POST /dto/source-viewer HTTP/1.1" 405 - (5 ms)
[30/Mar/2018:00:13:01 +0800] 0:0:0:0:0:0:0:1 "POST /dto/source-viewer HTTP/1.1" 405 - (6 ms)
[30/Mar/2018:00:26:29 +0800] 0:0:0:0:0:0:0:1 "POST /dto/source-viewer HTTP/1.1" 200 - (232 ms)
[30/Mar/2018:00:26:32 +0800] 0:0:0:0:0:0:0:1 "POST /dto/source-viewer HTTP/1.1" 200 - (14 ms)
[30/Mar/2018:00:26:34 +0800] 0:0:0:0:0:0:0:1 "POST /dto/source-viewer HTTP/1.1" 200 - (172 ms)
[30/Mar/2018:00:26:35 +0800] 0:0:0:0:0:0:0:1 "POST /dto/source-viewer HTTP/1.1" 200 - (12 ms)
[30/Mar/2018:00:26:46 +0800] 0:0:0:0:0:0:0:1 "POST /dto/source-viewer HTTP/1.1" 200 - (13 ms)
[30/Mar/2018:00:26:50 +0800] 0:0:0:0:0:0:0:1 "POST /dto/source-generator HTTP/1.1" 200 - (18 ms)
[30/Mar/2018:00:27:46 +0800] 0:0:0:0:0:0:0:1 "GET /css/bootstrap-theme.min.css HTTP/1.1" 200 - (26 ms)
[30/Mar/2018:00:27:46 +0800] 0:0:0:0:0:0:0:1 "GET /js/jquery-3.2.1.min.js HTTP/1.1" 200 - (28 ms)
[30/Mar/2018:00:27:46 +0800] 0:0:0:0:0:0:0:1 "GET /js/bootstrap.min.js HTTP/1.1" 200 - (27 ms)
[30/Mar/2018:00:27:46 +0800] 0:0:0:0:0:0:0:1 "GET /js/DtoCreator.js HTTP/1.1" 200 - (27 ms)
[30/Mar/2018:00:27:46 +0800] 0:0:0:0:0:0:0:1 "GET /css/bootstrap.min.css HTTP/1.1" 200 - (29 ms)
[30/Mar/2018:00:27:46 +0800] 0:0:0:0:0:0:0:1 "GET / HTTP/1.1" 200 - (399 ms)
[30/Mar/2018:00:27:47 +0800] 0:0:0:0:0:0:0:1 "GET /swagger-ui.html HTTP/1.1" 404 - (47 ms)
[30/Mar/2018:00:27:47 +0800] 0:0:0:0:0:0:0:1 "GET /swagger-ui.html HTTP/1.1" 404 - (17 ms)
[30/Mar/2018:00:28:00 +0800] 0:0:0:0:0:0:0:1 "GET /swagger-ui.html HTTP/1.1" 404 - (10 ms)
[30/Mar/2018:00:39:18 +0800] 0:0:0:0:0:0:0:1 "GET /swagger-ui.html HTTP/1.1" 404 - (159 ms)
[30/Mar/2018:00:39:24 +0800] 0:0:0:0:0:0:0:1 "GET /swagger-ui.html HTTP/1.1" 404 - (20 ms)
[30/Mar/2018:00:40:15 +0800] 0:0:0:0:0:0:0:1 "GET /swagger-ui.html HTTP/1.1" 404 - (17 ms)
[30/Mar/2018:00:40:16 +0800] 0:0:0:0:0:0:0:1 "GET /swagger-ui.html HTTP/1.1" 404 - (12 ms)
[30/Mar/2018:00:40:18 +0800] 0:0:0:0:0:0:0:1 "GET /swagger-ui.html HTTP/1.1" 404 - (11 ms)
[30/Mar/2018:00:40:20 +0800] 0:0:0:0:0:0:0:1 "GET /swagger-ui.html HTTP/1.1" 404 - (11 ms)
[30/Mar/2018:00:42:15 +0800] 0:0:0:0:0:0:0:1 "GET /swagger-ui.html HTTP/1.1" 404 - (174 ms)
[30/Mar/2018:00:42:16 +0800] 0:0:0:0:0:0:0:1 "GET /swagger-ui.html HTTP/1.1" 404 - (17 ms)
[30/Mar/2018:00:44:04 +0800] 0:0:0:0:0:0:0:1 "GET /swagger-ui.html HTTP/1.1" 404 - (168 ms)
[30/Mar/2018:00:56:58 +0800] 0:0:0:0:0:0:0:1 "GET /swagger-ui.html HTTP/1.1" 200 - (135 ms)
[30/Mar/2018:00:56:58 +0800] 0:0:0:0:0:0:0:1 "GET /webjars/springfox-swagger-ui/css/typography.css HTTP/1.1" 200 - (29 ms)
[30/Mar/2018:00:56:58 +0800] 0:0:0:0:0:0:0:1 "GET /webjars/springfox-swagger-ui/css/reset.css HTTP/1.1" 200 - (28 ms)
[30/Mar/2018:00:56:58 +0800] 0:0:0:0:0:0:0:1 "GET /webjars/springfox-swagger-ui/lib/object-assign-pollyfill.js HTTP/1.1" 200 - (30 ms)
[30/Mar/2018:00:56:58 +0800] 0:0:0:0:0:0:0:1 "GET /webjars/springfox-swagger-ui/css/screen.css HTTP/1.1" 200 - (34 ms)
[30/Mar/2018:00:56:58 +0800] 0:0:0:0:0:0:0:1 "GET /webjars/springfox-swagger-ui/css/print.css HTTP/1.1" 200 - (32 ms)
[30/Mar/2018:00:56:58 +0800] 0:0:0:0:0:0:0:1 "GET /webjars/springfox-swagger-ui/lib/jquery-1.8.0.min.js HTTP/1.1" 200 - (30 ms)
[30/Mar/2018:00:56:58 +0800] 0:0:0:0:0:0:0:1 "GET /webjars/springfox-swagger-ui/lib/jquery.slideto.min.js HTTP/1.1" 200 - (15 ms)
[30/Mar/2018:00:56:58 +0800] 0:0:0:0:0:0:0:1 "GET /webjars/springfox-swagger-ui/lib/jquery.ba-bbq.min.js HTTP/1.1" 200 - (14 ms)
[30/Mar/2018:00:56:58 +0800] 0:0:0:0:0:0:0:1 "GET /webjars/springfox-swagger-ui/lib/backbone-min.js HTTP/1.1" 200 - (14 ms)
[30/Mar/2018:00:56:58 +0800] 0:0:0:0:0:0:0:1 "GET /webjars/springfox-swagger-ui/lib/handlebars-4.0.5.js HTTP/1.1" 200 - (18 ms)
[30/Mar/2018:00:56:58 +0800] 0:0:0:0:0:0:0:1 "GET /webjars/springfox-swagger-ui/lib/lodash.min.js HTTP/1.1" 200 - (18 ms)
[30/Mar/2018:00:56:58 +0800] 0:0:0:0:0:0:0:1 "GET /webjars/springfox-swagger-ui/lib/highlight.9.1.0.pack.js HTTP/1.1" 200 - (12 ms)
[30/Mar/2018:00:56:58 +0800] 0:0:0:0:0:0:0:1 "GET /webjars/springfox-swagger-ui/swagger-ui.min.js HTTP/1.1" 200 - (22 ms)
[30/Mar/2018:00:56:58 +0800] 0:0:0:0:0:0:0:1 "GET /webjars/springfox-swagger-ui/lib/highlight.9.1.0.pack_extended.js HTTP/1.1" 200 - (14 ms)
[30/Mar/2018:00:56:58 +0800] 0:0:0:0:0:0:0:1 "GET /webjars/springfox-swagger-ui/lib/jsoneditor.min.js HTTP/1.1" 200 - (15 ms)
[30/Mar/2018:00:56:58 +0800] 0:0:0:0:0:0:0:1 "GET /webjars/springfox-swagger-ui/lib/jquery.wiggle.min.js HTTP/1.1" 200 - (40 ms)
[30/Mar/2018:00:56:58 +0800] 0:0:0:0:0:0:0:1 "GET /webjars/springfox-swagger-ui/lib/marked.js HTTP/1.1" 200 - (16 ms)
[30/Mar/2018:00:56:58 +0800] 0:0:0:0:0:0:0:1 "GET /webjars/springfox-swagger-ui/springfox.js HTTP/1.1" 200 - (12 ms)
[30/Mar/2018:00:56:58 +0800] 0:0:0:0:0:0:0:1 "GET /webjars/springfox-swagger-ui/lib/swagger-oauth.js HTTP/1.1" 200 - (16 ms)
[30/Mar/2018:00:56:58 +0800] 0:0:0:0:0:0:0:1 "GET /webjars/springfox-swagger-ui/images/logo_small.png HTTP/1.1" 200 - (17 ms)
[30/Mar/2018:00:56:58 +0800] 0:0:0:0:0:0:0:1 "GET /webjars/springfox-swagger-ui/fonts/DroidSans.ttf HTTP/1.1" 200 - (14 ms)
[30/Mar/2018:00:56:58 +0800] 0:0:0:0:0:0:0:1 "GET /webjars/springfox-swagger-ui/fonts/DroidSans-Bold.ttf HTTP/1.1" 200 - (14 ms)
[30/Mar/2018:00:56:58 +0800] 0:0:0:0:0:0:0:1 "GET /swagger-resources/configuration/ui HTTP/1.1" 200 - (68 ms)
[30/Mar/2018:00:56:58 +0800] 0:0:0:0:0:0:0:1 "GET /swagger-resources HTTP/1.1" 200 - (10 ms)
[30/Mar/2018:00:56:58 +0800] 0:0:0:0:0:0:0:1 "GET /v2/api-docs?group=appApi-v1.0 HTTP/1.1" 200 - (346 ms)
[30/Mar/2018:00:56:59 +0800] 0:0:0:0:0:0:0:1 "GET /swagger-resources/configuration/security HTTP/1.1" 200 - (7 ms)
[30/Mar/2018:00:57:46 +0800] 0:0:0:0:0:0:0:1 "GET /swagger-ui.html HTTP/1.1" 200 - (312 ms)
[30/Mar/2018:00:57:46 +0800] 0:0:0:0:0:0:0:1 "GET /swagger-resources/configuration/ui HTTP/1.1" 200 - (80 ms)
[30/Mar/2018:00:57:46 +0800] 0:0:0:0:0:0:0:1 "GET /swagger-resources HTTP/1.1" 200 - (16 ms)
[30/Mar/2018:00:57:46 +0800] 0:0:0:0:0:0:0:1 "GET /v2/api-docs?group=appApi-v1.0 HTTP/1.1" 200 - (409 ms)
[30/Mar/2018:00:57:46 +0800] 0:0:0:0:0:0:0:1 "GET /swagger-resources/configuration/security HTTP/1.1" 200 - (6 ms)
[30/Mar/2018:01:08:33 +0800] 0:0:0:0:0:0:0:1 "GET /swagger-ui.html HTTP/1.1" 200 - (131 ms)
[30/Mar/2018:01:08:33 +0800] 0:0:0:0:0:0:0:1 "GET /swagger-resources/configuration/ui HTTP/1.1" 200 - (61 ms)
[30/Mar/2018:01:08:33 +0800] 0:0:0:0:0:0:0:1 "GET /swagger-resources HTTP/1.1" 200 - (12 ms)
[30/Mar/2018:01:08:33 +0800] 0:0:0:0:0:0:0:1 "GET /v2/api-docs?group=appApi-v1.0 HTTP/1.1" 200 - (313 ms)
[30/Mar/2018:01:08:33 +0800] 0:0:0:0:0:0:0:1 "GET /swagger-resources/configuration/security HTTP/1.1" 200 - (7 ms)
